app/build/outputs/logs/manifest-merger-release-report.txt
-- Merging decision tree log ---
manifest
ADDED from src\main\AndroidManifest.xml:2:1-153:12
INJECTED from src\main\AndroidManifest.xml:2:1-153:12
INJECTED from src\main\AndroidManifest.xml:2:1-153:12
INJECTED from src\main\AndroidManifest.xml:2:1-153:12
MERGED from [com.google.firebase:firebase-core:11.6.2] AndroidManifest.xml:2:1-6:12
MERGED from [com.facebook.android:facebook-login:4.30.0] AndroidManifest.xml:21:1-31:12
MERGED from [com.android.support:design:26.1.0] AndroidManifest.xml:17:1-31:12
MERGED from [com.rapidapi:rapidconnect-android:0.1] AndroidManifest.xml:2:1-17:12
MERGED from [com.github.karanchuri:PermissionManager:0.1.0] AndroidManifest.xml:2:1-17:12
MERGED from [com.facebook.android:facebook-common:4.30.0] AndroidManifest.xml:21:1-36:12
MERGED from [com.google.android.gms:play-services-cast-framework:11.6.2] AndroidManifest.xml:2:1-9:12
MERGED from [com.google.android.gms:play-services-cast:11.6.2] AndroidManifest.xml:16:1-19:12
MERGED from [com.android.support:mediarouter-v7:26.1.0] AndroidManifest.xml:17:1-28:12
MERGED from [com.android.support:appcompat-v7:27.0.2] AndroidManifest.xml:17:1-22:12
MERGED from [com.android.support.constraint:constraint-layout:1.0.2] AndroidManifest.xml:2:1-11:12
MERGED from [com.github.crosswall:Android-Coverflow:release-v1.0.4] AndroidManifest.xml:2:1-17:12
MERGED from [com.google.firebase:firebase-auth:11.6.2] AndroidManifest.xml:16:1-21:12
MERGED from [com.google.android.gms:play-services-auth:11.6.2] AndroidManifest.xml:16:1-26:12
MERGED from [com.microsoft.projectoxford:emotion:1.0.355] AndroidManifest.xml:2:1-11:12
MERGED from [com.microsoft.projectoxford:face:1.3.0] AndroidManifest.xml:2:1-13:12
MERGED from [com.google.android.support:wearable:1.3.0] AndroidManifest.xml:2:1-10:12
MERGED from [com.android.support:cardview-v7:27.0.2] AndroidManifest.xml:17:1-22:12
MERGED from [com.android.support:leanback-v17:26.1.0] AndroidManifest.xml:17:1-28:12
MERGED from [com.google.android.exoplayer:exoplayer:r2.5.0] AndroidManifest.xml:17:1-25:12
MERGED from [com.google.firebase:firebase-analytics:11.6.2] AndroidManifest.xml:16:1-35:12
MERGED from [com.facebook.android:facebook-core:4.30.0] AndroidManifest.xml:21:1-45:12
MERGED from [com.android.support:transition:26.1.0] AndroidManifest.xml:17:1-28:12
MERGED from [com.google.android.exoplayer:exoplayer-dash:r2.5.0] AndroidManifest.xml:17:1-25:12
MERGED from [com.google.android.exoplayer:exoplayer-hls:r2.5.0] AndroidManifest.xml:17:1-25:12
MERGED from [com.google.android.exoplayer:exoplayer-smoothstreaming:r2.5.0] AndroidManifest.xml:17:1-25:12
MERGED from [com.google.android.exoplayer:exoplayer-ui:r2.5.0] AndroidManifest.xml:17:1-25:12
MERGED from [com.google.android.exoplayer:exoplayer-core:r2.5.0] AndroidManifest.xml:17:1-25:12
MERGED from [com.android.support:customtabs:27.0.2] AndroidManifest.xml:17:1-22:12
MERGED from [com.android.support:recyclerview-v7:26.1.0] AndroidManifest.xml:17:1-28:12
MERGED from [com.google.android.gms:play-services-auth-api-phone:11.6.2] AndroidManifest.xml:2:1-4:12
MERGED from [com.google.android.gms:play-services-auth-base:11.6.2] AndroidManifest.xml:2:1-5:12
MERGED from [com.google.android.gms:play-services-base:11.6.2] AndroidManifest.xml:16:1-21:12
MERGED from [com.google.firebase:firebase-analytics-impl:11.6.2] AndroidManifest.xml:16:1-29:12
MERGED from [com.google.firebase:firebase-iid:11.6.2] AndroidManifest.xml:16:1-47:12
MERGED from [com.google.firebase:firebase-common:11.6.2] AndroidManifest.xml:2:1-8:12
MERGED from [com.google.android.gms:play-services-tasks:11.6.2] AndroidManifest.xml:2:1-5:12
MERGED from [com.google.android.gms:play-services-basement:11.6.2] AndroidManifest.xml:16:1-23:12
MERGED from [com.android.support:support-v4:27.0.2] AndroidManifest.xml:17:1-22:12
MERGED from [com.android.support:support-fragment:27.0.2] AndroidManifest.xml:17:1-22:12
MERGED from [com.android.support:palette-v7:26.1.0] AndroidManifest.xml:17:1-28:12
MERGED from [com.android.support:animated-vector-drawable:27.0.2] AndroidManifest.xml:17:1-22:12
MERGED from [com.android.support:support-vector-drawable:27.0.2] AndroidManifest.xml:17:1-22:12
MERGED from [com.android.support:support-media-compat:27.0.2] AndroidManifest.xml:17:1-22:12
MERGED from [com.android.support:support-core-ui:27.0.2] AndroidManifest.xml:17:1-22:12
MERGED from [com.android.support:support-core-utils:27.0.2] AndroidManifest.xml:17:1-22:12
MERGED from [com.android.support:support-compat:27.0.2] AndroidManifest.xml:17:1-22:12
MERGED from [com.google.firebase:firebase-auth-license:11.6.2] AndroidManifest.xml:2:1-6:12
MERGED from [com.google.android.gms:play-services-cast-framework-license:11.6.2] AndroidManifest.xml:2:1-6:12
MERGED from [com.google.firebase:firebase-analytics-license:11.6.2] AndroidManifest.xml:2:1-6:12
MERGED from [com.google.android.gms:play-services-base-license:11.6.2] AndroidManifest.xml:2:1-6:12
MERGED from [com.google.android.gms:play-services-basement-license:11.6.2] AndroidManifest.xml:2:1-6:12
MERGED from [com.google.firebase:firebase-common-license:11.6.2] AndroidManifest.xml:2:1-6:12
MERGED from [com.google.android.gms:play-services-tasks-license:11.6.2] AndroidManifest.xml:2:1-6:12
MERGED from [com.google.android.gms:play-services-auth-api-phone-license:11.6.2] AndroidManifest.xml:2:1-6:12
MERGED from [com.google.android.gms:play-services-auth-base-license:11.6.2] AndroidManifest.xml:2:1-6:12
MERGED from [com.google.android.gms:play-services-cast-license:11.6.2] AndroidManifest.xml:2:1-6:12
MERGED from [android.arch.lifecycle:runtime:1.0.3] AndroidManifest.xml:17:1-24:12
MERGED from [com.google.firebase:firebase-analytics-impl-license:11.6.2] AndroidManifest.xml:2:1-6:12
MERGED from [com.google.firebase:firebase-iid-license:11.6.2] AndroidManifest.xml:2:1-6:12
INJECTED from src\main\AndroidManifest.xml:2:1-153:12
INJECTED from src\main\AndroidManifest.xml:2:1-153:12
INJECTED from src\main\AndroidManifest.xml:2:1-153:12
	package
		ADDED from src\main\AndroidManifest.xml:4:5-45
		INJECTED from src\main\AndroidManifest.xml
		INJECTED from src\main\AndroidManifest.xml
	android:versionName
		INJECTED from src\main\AndroidManifest.xml
		ADDED from src\main\AndroidManifest.xml:2:1-153:12
		INJECTED from src\main\AndroidManifest.xml
	xmlns:tools
		ADDED from src\main\AndroidManifest.xml:3:5-51
	android:versionCode
		INJECTED from src\main\AndroidManifest.xml
		ADDED from src\main\AndroidManifest.xml:2:1-153:12
		INJECTED from src\main\AndroidManifest.xml
	xmlns:android
		ADDED from src\main\AndroidManifest.xml:2:11-69
uses-permission#android.permission.INTERNET
ADDED from src\main\AndroidManifest.xml:6:5-67
MERGED from [com.google.firebase:firebase-analytics:11.6.2] AndroidManifest.xml:20:5-66
MERGED from [com.google.firebase:firebase-analytics:11.6.2] AndroidManifest.xml:20:5-66
MERGED from [com.google.firebase:firebase-analytics-impl:11.6.2] AndroidManifest.xml:20:5-66
MERGED from [com.google.firebase:firebase-analytics-impl:11.6.2] AndroidManifest.xml:20:5-66
MERGED from [com.google.firebase:firebase-iid:11.6.2] AndroidManifest.xml:20:5-66
MERGED from [com.google.firebase:firebase-iid:11.6.2] AndroidManifest.xml:20:5-66
	android:name
		ADDED from src\main\AndroidManifest.xml:6:22-64
uses-permission#android.permission.ACCESS_NETWORK_STATE
ADDED from src\main\AndroidManifest.xml:7:5-79
MERGED from [com.google.firebase:firebase-analytics:11.6.2] AndroidManifest.xml:21:5-78
MERGED from [com.google.firebase:firebase-analytics:11.6.2] AndroidManifest.xml:21:5-78
MERGED from [com.google.firebase:firebase-analytics-impl:11.6.2] AndroidManifest.xml:21:5-78
MERGED from [com.google.firebase:firebase-analytics-impl:11.6.2] AndroidManifest.xml:21:5-78
MERGED from [com.google.firebase:firebase-iid:11.6.2] AndroidManifest.xml:19:5-78
MERGED from [com.google.firebase:firebase-iid:11.6.2] AndroidManifest.xml:19:5-78
	android:name
		ADDED from src\main\AndroidManifest.xml:7:22-76
uses-permission#android.permission.READ_EXTERNAL_STORAGE
ADDED from src\main\AndroidManifest.xml:8:5-80
	android:name
		ADDED from src\main\AndroidManifest.xml:8:22-77
uses-permission#android.permission.CAMERA
ADDED from src\main\AndroidManifest.xml:9:5-65
	android:name
		ADDED from src\main\AndroidManifest.xml:9:22-62
uses-permission#android.permission.WAKE_LOCK
ADDED from src\main\AndroidManifest.xml:10:5-68
MERGED from [com.google.firebase:firebase-analytics:11.6.2] AndroidManifest.xml:22:5-67
MERGED from [com.google.firebase:firebase-analytics:11.6.2] AndroidManifest.xml:22:5-67
MERGED from [com.google.firebase:firebase-analytics-impl:11.6.2] AndroidManifest.xml:22:5-67
MERGED from [com.google.firebase:firebase-analytics-impl:11.6.2] AndroidManifest.xml:22:5-67
MERGED from [com.google.firebase:firebase-iid:11.6.2] AndroidManifest.xml:21:5-67
MERGED from [com.google.firebase:firebase-iid:11.6.2] AndroidManifest.xml:21:5-67
	android:name
		ADDED from src\main\AndroidManifest.xml:10:22-65
uses-permission#android.permission.ACCESS_WIFI_STATE
ADDED from src\main\AndroidManifest.xml:11:5-76
	android:name
		ADDED from src\main\AndroidManifest.xml:11:22-73
uses-feature#android.software.leanback
ADDED from src\main\AndroidManifest.xml:13:5-15:36
	android:required
		ADDED from src\main\AndroidManifest.xml:15:9-33
	android:name
		ADDED from src\main\AndroidManifest.xml:14:9-49
uses-feature#android.hardware.touchscreen
ADDED from src\main\AndroidManifest.xml:16:5-18:36
	android:required
		ADDED from src\main\AndroidManifest.xml:18:9-33
	android:name
		ADDED from src\main\AndroidManifest.xml:17:9-52
application
ADDED from src\main\AndroidManifest.xml:20:5-151:19
MERGED from [com.google.firebase:firebase-core:11.6.2] AndroidManifest.xml:5:5-20
MERGED from [com.google.firebase:firebase-core:11.6.2] AndroidManifest.xml:5:5-20
MERGED from [com.facebook.android:facebook-login:4.30.0] AndroidManifest.xml:28:5-29:19
MERGED from [com.facebook.android:facebook-login:4.30.0] AndroidManifest.xml:28:5-29:19
MERGED from [com.android.support:design:26.1.0] AndroidManifest.xml:25:5-29:19
MERGED from [com.android.support:design:26.1.0] AndroidManifest.xml:25:5-29:19
MERGED from [com.rapidapi:rapidconnect-android:0.1] AndroidManifest.xml:11:5-15:19
MERGED from [com.rapidapi:rapidconnect-android:0.1] AndroidManifest.xml:11:5-15:19
MERGED from [com.github.karanchuri:PermissionManager:0.1.0] AndroidManifest.xml:11:5-15:19
MERGED from [com.github.karanchuri:PermissionManager:0.1.0] AndroidManifest.xml:11:5-15:19
MERGED from [com.facebook.android:facebook-common:4.30.0] AndroidManifest.xml:28:5-34:19
MERGED from [com.facebook.android:facebook-common:4.30.0] AndroidManifest.xml:28:5-34:19
MERGED from [com.google.android.gms:play-services-cast-framework:11.6.2] AndroidManifest.xml:4:5-8:19
MERGED from [com.google.android.gms:play-services-cast-framework:11.6.2] AndroidManifest.xml:4:5-8:19
MERGED from [com.google.android.gms:play-services-cast:11.6.2] AndroidManifest.xml:18:5-19
MERGED from [com.google.android.gms:play-services-cast:11.6.2] AndroidManifest.xml:18:5-19
MERGED from [com.android.support:mediarouter-v7:26.1.0] AndroidManifest.xml:22:5-26:19
MERGED from [com.android.support:mediarouter-v7:26.1.0] AndroidManifest.xml:22:5-26:19
MERGED from [com.android.support.constraint:constraint-layout:1.0.2] AndroidManifest.xml:9:5-20
MERGED from [com.android.support.constraint:constraint-layout:1.0.2] AndroidManifest.xml:9:5-20
MERGED from [com.github.crosswall:Android-Coverflow:release-v1.0.4] AndroidManifest.xml:11:5-15:19
MERGED from [com.github.crosswall:Android-Coverflow:release-v1.0.4] AndroidManifest.xml:11:5-15:19
MERGED from [com.google.firebase:firebase-auth:11.6.2] AndroidManifest.xml:19:5-20:19
MERGED from [com.google.firebase:firebase-auth:11.6.2] AndroidManifest.xml:19:5-20:19
MERGED from [com.google.android.gms:play-services-auth:11.6.2] AndroidManifest.xml:19:5-25:19
MERGED from [com.google.android.gms:play-services-auth:11.6.2] AndroidManifest.xml:19:5-25:19
MERGED from [com.google.android.support:wearable:1.3.0] AndroidManifest.xml:8:5-20
MERGED from [com.google.android.support:wearable:1.3.0] AndroidManifest.xml:8:5-20
MERGED from [com.android.support:leanback-v17:26.1.0] AndroidManifest.xml:22:5-26:19
MERGED from [com.android.support:leanback-v17:26.1.0] AndroidManifest.xml:22:5-26:19
MERGED from [com.google.firebase:firebase-analytics:11.6.2] AndroidManifest.xml:24:5-34:19
MERGED from [com.google.firebase:firebase-analytics:11.6.2] AndroidManifest.xml:24:5-34:19
MERGED from [com.facebook.android:facebook-core:4.30.0] AndroidManifest.xml:28:5-43:19
MERGED from [com.facebook.android:facebook-core:4.30.0] AndroidManifest.xml:28:5-43:19
MERGED from [com.android.support:transition:26.1.0] AndroidManifest.xml:22:5-26:19
MERGED from [com.android.support:transition:26.1.0] AndroidManifest.xml:22:5-26:19
MERGED from [com.android.support:recyclerview-v7:26.1.0] AndroidManifest.xml:22:5-26:19
MERGED from [com.android.support:recyclerview-v7:26.1.0] AndroidManifest.xml:22:5-26:19
MERGED from [com.google.android.gms:play-services-base:11.6.2] AndroidManifest.xml:18:5-20:19
MERGED from [com.google.android.gms:play-services-base:11.6.2] AndroidManifest.xml:18:5-20:19
MERGED from [com.google.firebase:firebase-analytics-impl:11.6.2] AndroidManifest.xml:24:5-28:19
MERGED from [com.google.firebase:firebase-analytics-impl:11.6.2] AndroidManifest.xml:24:5-28:19
MERGED from [com.google.firebase:firebase-iid:11.6.2] AndroidManifest.xml:29:5-46:19
MERGED from [com.google.firebase:firebase-iid:11.6.2] AndroidManifest.xml:29:5-46:19
MERGED from [com.google.firebase:firebase-common:11.6.2] AndroidManifest.xml:4:5-7:19
MERGED from [com.google.firebase:firebase-common:11.6.2] AndroidManifest.xml:4:5-7:19
MERGED from [com.google.android.gms:play-services-tasks:11.6.2] AndroidManifest.xml:4:5-19
MERGED from [com.google.android.gms:play-services-tasks:11.6.2] AndroidManifest.xml:4:5-19
MERGED from [com.google.android.gms:play-services-basement:11.6.2] AndroidManifest.xml:19:5-21:19
MERGED from [com.google.android.gms:play-services-basement:11.6.2] AndroidManifest.xml:19:5-21:19
MERGED from [com.android.support:palette-v7:26.1.0] AndroidManifest.xml:22:5-26:19
MERGED from [com.android.support:palette-v7:26.1.0] AndroidManifest.xml:22:5-26:19
MERGED from [com.google.firebase:firebase-auth-license:11.6.2] AndroidManifest.xml:5:5-20
MERGED from [com.google.firebase:firebase-auth-license:11.6.2] AndroidManifest.xml:5:5-20
MERGED from [com.google.android.gms:play-services-cast-framework-license:11.6.2] AndroidManifest.xml:5:5-20
MERGED from [com.google.android.gms:play-services-cast-framework-license:11.6.2] AndroidManifest.xml:5:5-20
MERGED from [com.google.firebase:firebase-analytics-license:11.6.2] AndroidManifest.xml:5:5-20
MERGED from [com.google.firebase:firebase-analytics-license:11.6.2] AndroidManifest.xml:5:5-20
MERGED from [com.google.android.gms:play-services-base-license:11.6.2] AndroidManifest.xml:5:5-20
MERGED from [com.google.android.gms:play-services-base-license:11.6.2] AndroidManifest.xml:5:5-20
MERGED from [com.google.android.gms:play-services-basement-license:11.6.2] AndroidManifest.xml:5:5-20
MERGED from [com.google.android.gms:play-services-basement-license:11.6.2] AndroidManifest.xml:5:5-20
MERGED from [com.google.firebase:firebase-common-license:11.6.2] AndroidManifest.xml:5:5-20
MERGED from [com.google.firebase:firebase-common-license:11.6.2] AndroidManifest.xml:5:5-20
MERGED from [com.google.android.gms:play-services-tasks-license:11.6.2] AndroidManifest.xml:5:5-20
MERGED from [com.google.android.gms:play-services-tasks-license:11.6.2] AndroidManifest.xml:5:5-20
MERGED from [com.google.android.gms:play-services-auth-api-phone-license:11.6.2] AndroidManifest.xml:5:5-20
MERGED from [com.google.android.gms:play-services-auth-api-phone-license:11.6.2] AndroidManifest.xml:5:5-20
MERGED from [com.google.android.gms:play-services-auth-base-license:11.6.2] AndroidManifest.xml:5:5-20
MERGED from [com.google.android.gms:play-services-auth-base-license:11.6.2] AndroidManifest.xml:5:5-20
MERGED from [com.google.android.gms:play-services-cast-license:11.6.2] AndroidManifest.xml:5:5-20
MERGED from [com.google.android.gms:play-services-cast-license:11.6.2] AndroidManifest.xml:5:5-20
MERGED from [com.google.firebase:firebase-analytics-impl-license:11.6.2] AndroidManifest.xml:5:5-20
MERGED from [com.google.firebase:firebase-analytics-impl-license:11.6.2] AndroidManifest.xml:5:5-20
MERGED from [com.google.firebase:firebase-iid-license:11.6.2] AndroidManifest.xml:5:5-20
MERGED from [com.google.firebase:firebase-iid-license:11.6.2] AndroidManifest.xml:5:5-20
	android:supportsRtl
		ADDED from src\main\AndroidManifest.xml:25:9-35
	android:label
		ADDED from src\main\AndroidManifest.xml:23:9-41
	tools:ignore
		ADDED from src\main\AndroidManifest.xml:27:9-39
	android:roundIcon
		ADDED from src\main\AndroidManifest.xml:24:9-54
	android:icon
		ADDED from src\main\AndroidManifest.xml:22:9-39
	android:allowBackup
		ADDED from src\main\AndroidManifest.xml:21:9-35
	android:theme
		ADDED from src\main\AndroidManifest.xml:26:9-40
meta-data#com.google.android.gms.car.application
ADDED from src\main\AndroidManifest.xml:28:9-30:59
	android:resource
		ADDED from src\main\AndroidManifest.xml:30:13-56
	android:name
		ADDED from src\main\AndroidManifest.xml:29:13-66
meta-data#com.google.android.gms.version
ADDED from src\main\AndroidManifest.xml:31:9-33:69
MERGED from [com.google.android.gms:play-services-basement:11.6.2] AndroidManifest.xml:20:9-121
MERGED from [com.google.android.gms:play-services-basement:11.6.2] AndroidManifest.xml:20:9-121
	android:value
		ADDED from src\main\AndroidManifest.xml:33:13-66
	android:name
		ADDED from src\main\AndroidManifest.xml:32:13-58
activity#com.example.hampi.musicemlogin.LoginActivity
ADDED from src\main\AndroidManifest.xml:35:9-41:20
	android:name
		ADDED from src\main\AndroidManifest.xml:35:19-48
intent-filter#android.intent.action.MAIN+android.intent.category.LAUNCHER
ADDED from src\main\AndroidManifest.xml:36:13-40:29
action#android.intent.action.MAIN
ADDED from src\main\AndroidManifest.xml:37:17-69
	android:name
		ADDED from src\main\AndroidManifest.xml:37:25-66
category#android.intent.category.LAUNCHER
ADDED from src\main\AndroidManifest.xml:39:17-77
	android:name
		ADDED from src\main\AndroidManifest.xml:39:27-74
activity#com.example.hampi.musicemlogin.MainActivity
ADDED from src\main\AndroidManifest.xml:42:9-45:59
	android:screenOrientation
		ADDED from src\main\AndroidManifest.xml:44:13-49
	android:theme
		ADDED from src\main\AndroidManifest.xml:45:13-56
	android:name
		ADDED from src\main\AndroidManifest.xml:43:13-41
activity#com.example.hampi.musicemlogin.SignupActivity
ADDED from src\main\AndroidManifest.xml:46:9-49:59
	android:screenOrientation
		ADDED from src\main\AndroidManifest.xml:48:13-49
	android:theme
		ADDED from src\main\AndroidManifest.xml:49:13-56
	android:name
		ADDED from src\main\AndroidManifest.xml:47:13-43
activity#com.example.hampi.musicemlogin.ResetPasswordActivity
ADDED from src\main\AndroidManifest.xml:50:9-53:59
	android:screenOrientation
		ADDED from src\main\AndroidManifest.xml:52:13-49
	android:theme
		ADDED from src\main\AndroidManifest.xml:53:13-56
	android:name
		ADDED from src\main\AndroidManifest.xml:51:13-50
meta-data#com.facebook.sdk.ApplicationId
ADDED from src\main\AndroidManifest.xml:55:9-57:55
	android:value
		ADDED from src\main\AndroidManifest.xml:57:13-52
	android:name
		ADDED from src\main\AndroidManifest.xml:56:13-58
activity#com.facebook.FacebookActivity
ADDED from src\main\AndroidManifest.xml:59:9-62:48
MERGED from [com.facebook.android:facebook-common:4.30.0] AndroidManifest.xml:29:9-32:66
MERGED from [com.facebook.android:facebook-common:4.30.0] AndroidManifest.xml:29:9-32:66
	android:label
		ADDED from src\main\AndroidManifest.xml:62:13-45
	android:configChanges
		ADDED from src\main\AndroidManifest.xml:61:13-96
	android:theme
		ADDED from [com.facebook.android:facebook-common:4.30.0] AndroidManifest.xml:32:13-63
	android:name
		ADDED from src\main\AndroidManifest.xml:60:13-57
activity#com.facebook.CustomTabActivity
ADDED from src\main\AndroidManifest.xml:63:9-74:20
	android:exported
		ADDED from src\main\AndroidManifest.xml:65:13-36
	android:name
		ADDED from src\main\AndroidManifest.xml:64:13-58
intent-filter#android.intent.action.VIEW+android.intent.category.BROWSABLE+android.intent.category.DEFAULT
ADDED from src\main\AndroidManifest.xml:66:13-73:29
action#android.intent.action.VIEW
ADDED from src\main\AndroidManifest.xml:67:17-69
	android:name
		ADDED from src\main\AndroidManifest.xml:67:25-66
category#android.intent.category.DEFAULT
ADDED from src\main\AndroidManifest.xml:69:17-76
	android:name
		ADDED from src\main\AndroidManifest.xml:69:27-73
category#android.intent.category.BROWSABLE
ADDED from src\main\AndroidManifest.xml:70:17-78
	android:name
		ADDED from src\main\AndroidManifest.xml:70:27-75
data
ADDED from src\main\AndroidManifest.xml:72:17-75
	android:scheme
		ADDED from src\main\AndroidManifest.xml:72:23-72
activity#com.example.hampi.musicemlogin.ui.MusicPlayerActivity
ADDED from src\main\AndroidManifest.xml:75:9-85:20
	android:label
		ADDED from src\main\AndroidManifest.xml:77:13-45
	android:name
		ADDED from src\main\AndroidManifest.xml:76:13-51
intent-filter#android.intent.category.DEFAULT+android.media.action.MEDIA_PLAY_FROM_SEARCH
ADDED from src\main\AndroidManifest.xml:80:13-84:29
action#android.media.action.MEDIA_PLAY_FROM_SEARCH
ADDED from src\main\AndroidManifest.xml:81:17-86
	android:name
		ADDED from src\main\AndroidManifest.xml:81:25-83
activity#com.example.hampi.musicemlogin.ui.PlaceholderActivity
ADDED from src\main\AndroidManifest.xml:86:9-88:57
	android:label
		ADDED from src\main\AndroidManifest.xml:88:13-45
	android:name
		ADDED from src\main\AndroidManifest.xml:87:13-51
activity#com.example.hampi.musicemlogin.ui.NowPlayingActivity
ADDED from src\main\AndroidManifest.xml:89:9-91:61
	android:icon
		ADDED from src\main\AndroidManifest.xml:91:13-49
	android:name
		ADDED from src\main\AndroidManifest.xml:90:13-50
activity#com.example.hampi.musicemlogin.ui.tv.TvBrowseActivity
ADDED from src\main\AndroidManifest.xml:92:9-101:20
	android:label
		ADDED from src\main\AndroidManifest.xml:94:13-45
	android:theme
		ADDED from src\main\AndroidManifest.xml:95:13-57
	android:name
		ADDED from src\main\AndroidManifest.xml:93:13-51
intent-filter#android.intent.action.MAIN+android.intent.category.LEANBACK_LAUNCHER
ADDED from src\main\AndroidManifest.xml:96:13-100:29
category#android.intent.category.LEANBACK_LAUNCHER
ADDED from src\main\AndroidManifest.xml:99:17-86
	android:name
		ADDED from src\main\AndroidManifest.xml:99:27-83
activity#com.example.hampi.musicemlogin.ui.tv.TvVerticalGridActivity
ADDED from src\main\AndroidManifest.xml:102:9-105:60
	android:parentActivityName
		ADDED from src\main\AndroidManifest.xml:104:13-65
	android:theme
		ADDED from src\main\AndroidManifest.xml:105:13-57
	android:name
		ADDED from src\main\AndroidManifest.xml:103:13-57
activity#com.example.hampi.musicemlogin.ui.tv.TvPlaybackActivity
ADDED from src\main\AndroidManifest.xml:106:9-109:60
	android:parentActivityName
		ADDED from src\main\AndroidManifest.xml:108:13-65
	android:theme
		ADDED from src\main\AndroidManifest.xml:109:13-57
	android:name
		ADDED from src\main\AndroidManifest.xml:107:13-53
meta-data#com.google.android.gms.car.notification.SmallIcon
ADDED from src\main\AndroidManifest.xml:111:9-113:60
	android:resource
		ADDED from src\main\AndroidManifest.xml:113:13-57
	android:name
		ADDED from src\main\AndroidManifest.xml:112:13-77
meta-data#com.google.android.gms.car.application.theme
ADDED from src\main\AndroidManifest.xml:114:9-116:50
	android:resource
		ADDED from src\main\AndroidManifest.xml:116:13-47
	android:name
		ADDED from src\main\AndroidManifest.xml:115:13-72
meta-data#com.google.android.wearable.media.theme
ADDED from src\main\AndroidManifest.xml:117:9-119:51
	android:resource
		ADDED from src\main\AndroidManifest.xml:119:13-48
	android:name
		ADDED from src\main\AndroidManifest.xml:118:13-67
service#com.example.hampi.musicemlogin.MusicService
ADDED from src\main\AndroidManifest.xml:121:9-128:19
	android:exported
		ADDED from src\main\AndroidManifest.xml:123:13-36
	tools:ignore
		ADDED from src\main\AndroidManifest.xml:124:13-43
	android:name
		ADDED from src\main\AndroidManifest.xml:122:13-41
intent-filter#android.media.browse.MediaBrowserService
ADDED from src\main\AndroidManifest.xml:125:13-127:29
action#android.media.browse.MediaBrowserService
ADDED from src\main\AndroidManifest.xml:126:17-83
	android:name
		ADDED from src\main\AndroidManifest.xml:126:25-80
meta-data#com.google.android.gms.cast.framework.OPTIONS_PROVIDER_CLASS_NAME
ADDED from src\main\AndroidManifest.xml:130:9-132:82
	android:value
		ADDED from src\main\AndroidManifest.xml:132:13-79
	android:name
		ADDED from src\main\AndroidManifest.xml:131:13-93
activity#com.example.hampi.musicemlogin.ui.FullScreenPlayerActivity
ADDED from src\main\AndroidManifest.xml:134:9-142:20
	android:parentActivityName
		ADDED from src\main\AndroidManifest.xml:138:13-65
	android:label
		ADDED from src\main\AndroidManifest.xml:136:13-45
	android:launchMode
		ADDED from src\main\AndroidManifest.xml:137:13-43
	android:name
		ADDED from src\main\AndroidManifest.xml:135:13-56
meta-data#android.support.PARENT_ACTIVITY
ADDED from src\main\AndroidManifest.xml:139:13-141:59
	android:value
		ADDED from src\main\AndroidManifest.xml:141:17-56
	android:name
		ADDED from src\main\AndroidManifest.xml:140:17-63
receiver#android.support.v4.media.session.MediaButtonReceiver
ADDED from src\main\AndroidManifest.xml:144:9-148:20
	android:name
		ADDED from src\main\AndroidManifest.xml:144:19-86
intent-filter#android.intent.action.MEDIA_BUTTON
ADDED from src\main\AndroidManifest.xml:145:13-147:29
action#android.intent.action.MEDIA_BUTTON
ADDED from src\main\AndroidManifest.xml:146:17-77
	android:name
		ADDED from src\main\AndroidManifest.xml:146:25-74
activity#com.example.hampi.musicemlogin.AboutActivity
ADDED from src\main\AndroidManifest.xml:150:9-60
	android:name
		ADDED from src\main\AndroidManifest.xml:150:19-48
uses-sdk
INJECTED from src\main\AndroidManifest.xml reason: use-sdk injection requested
INJECTED from src\main\AndroidManifest.xml
INJECTED from src\main\AndroidManifest.xml
MERGED from [com.google.firebase:firebase-core:11.6.2] AndroidManifest.xml:4:5-43
MERGED from [com.google.firebase:firebase-core:11.6.2] AndroidManifest.xml:4:5-43
MERGED from [com.facebook.android:facebook-login:4.30.0] AndroidManifest.xml:24:5-26:41
MERGED from [com.facebook.android:facebook-login:4.30.0] AndroidManifest.xml:24:5-26:41
MERGED from [com.android.support:design:26.1.0] AndroidManifest.xml:21:5-23:62
MERGED from [com.android.support:design:26.1.0] AndroidManifest.xml:21:5-23:62
MERGED from [com.rapidapi:rapidconnect-android:0.1] AndroidManifest.xml:7:5-9:41
MERGED from [com.rapidapi:rapidconnect-android:0.1] AndroidManifest.xml:7:5-9:41
MERGED from [com.github.karanchuri:PermissionManager:0.1.0] AndroidManifest.xml:7:5-9:41
MERGED from [com.github.karanchuri:PermissionManager:0.1.0] AndroidManifest.xml:7:5-9:41
MERGED from [com.facebook.android:facebook-common:4.30.0] AndroidManifest.xml:24:5-26:41
MERGED from [com.facebook.android:facebook-common:4.30.0] AndroidManifest.xml:24:5-26:41
MERGED from [com.google.android.gms:play-services-cast-framework:11.6.2] AndroidManifest.xml:3:5-43
MERGED from [com.google.android.gms:play-services-cast-framework:11.6.2] AndroidManifest.xml:3:5-43
MERGED from [com.google.android.gms:play-services-cast:11.6.2] AndroidManifest.xml:17:5-43
MERGED from [com.google.android.gms:play-services-cast:11.6.2] AndroidManifest.xml:17:5-43
MERGED from [com.android.support:mediarouter-v7:26.1.0] AndroidManifest.xml:20:5-44
MERGED from [com.android.support:mediarouter-v7:26.1.0] AndroidManifest.xml:20:5-44
MERGED from [com.android.support:appcompat-v7:27.0.2] AndroidManifest.xml:20:5-44
MERGED from [com.android.support:appcompat-v7:27.0.2] AndroidManifest.xml:20:5-44
MERGED from [com.android.support.constraint:constraint-layout:1.0.2] AndroidManifest.xml:5:5-7:41
MERGED from [com.android.support.constraint:constraint-layout:1.0.2] AndroidManifest.xml:5:5-7:41
MERGED from [com.github.crosswall:Android-Coverflow:release-v1.0.4] AndroidManifest.xml:7:5-9:41
MERGED from [com.github.crosswall:Android-Coverflow:release-v1.0.4] AndroidManifest.xml:7:5-9:41
MERGED from [com.google.firebase:firebase-auth:11.6.2] AndroidManifest.xml:17:5-43
MERGED from [com.google.firebase:firebase-auth:11.6.2] AndroidManifest.xml:17:5-43
MERGED from [com.google.android.gms:play-services-auth:11.6.2] AndroidManifest.xml:17:5-43
MERGED from [com.google.android.gms:play-services-auth:11.6.2] AndroidManifest.xml:17:5-43
MERGED from [com.microsoft.projectoxford:emotion:1.0.355] AndroidManifest.xml:5:5-7:41
MERGED from [com.microsoft.projectoxford:emotion:1.0.355] AndroidManifest.xml:5:5-7:41
MERGED from [com.microsoft.projectoxford:face:1.3.0] AndroidManifest.xml:6:5-8:41
MERGED from [com.microsoft.projectoxford:face:1.3.0] AndroidManifest.xml:6:5-8:41
MERGED from [com.google.android.support:wearable:1.3.0] AndroidManifest.xml:4:5-6:41
MERGED from [com.google.android.support:wearable:1.3.0] AndroidManifest.xml:4:5-6:41
MERGED from [com.android.support:cardview-v7:27.0.2] AndroidManifest.xml:20:5-44
MERGED from [com.android.support:cardview-v7:27.0.2] AndroidManifest.xml:20:5-44
MERGED from [com.android.support:leanback-v17:26.1.0] AndroidManifest.xml:20:5-44
MERGED from [com.android.support:leanback-v17:26.1.0] AndroidManifest.xml:20:5-44
MERGED from [com.google.android.exoplayer:exoplayer:r2.5.0] AndroidManifest.xml:21:5-23:41
MERGED from [com.google.android.exoplayer:exoplayer:r2.5.0] AndroidManifest.xml:21:5-23:41
MERGED from [com.google.firebase:firebase-analytics:11.6.2] AndroidManifest.xml:17:5-43